17:31:07> DEBUG (Log4JLogger.java:63): Using PluginRegistry org.datanucleus.plugin.NonManagedPluginRegistry
17:31:07> DEBUG (Log4JLogger.java:63): Registering bundle org.sonatype.inject version 2.3.0 at URL file:/C:/Users/admcs/.m2/repository/org/sonatype/sisu/sisu-inject-bean/2.3.0/sisu-inject-bean-2.3.0.jar.
17:31:07> DEBUG (Log4JLogger.java:63): Loading extension points from plug-in file jar:file:/C:/Users/admcs/.m2/repository/org/sonatype/sisu/sisu-inject-bean/2.3.0/sisu-inject-bean-2.3.0.jar!/plugin.xml.
17:31:07> DEBUG (Log4JLogger.java:63): Loading extensions from plug-in file jar:file:/C:/Users/admcs/.m2/repository/org/sonatype/sisu/sisu-inject-bean/2.3.0/sisu-inject-bean-2.3.0.jar!/plugin.xml.
17:31:07> DEBUG (Log4JLogger.java:63): Registering bundle org.datanucleus version 5.1.0.m2 at URL file:/C:/Users/admcs/.m2/repository/org/datanucleus/datanucleus-core/5.1.0-m2/datanucleus-core-5.1.0-m2.jar.
17:31:07> DEBUG (Log4JLogger.java:63): Loading extension points from plug-in file jar:file:/C:/Users/admcs/.m2/repository/org/datanucleus/datanucleus-core/5.1.0-m2/datanucleus-core-5.1.0-m2.jar!/plugin.xml.
17:31:07> DEBUG (Log4JLogger.java:63): Loading extensions from plug-in file jar:file:/C:/Users/admcs/.m2/repository/org/datanucleus/datanucleus-core/5.1.0-m2/datanucleus-core-5.1.0-m2.jar!/plugin.xml.
17:31:07> DEBUG (Log4JLogger.java:63): Registering bundle org.datanucleus.api.jdo version 5.1.0.m2 at URL file:/C:/Users/admcs/.m2/repository/org/datanucleus/datanucleus-api-jdo/5.1.0-m2/datanucleus-api-jdo-5.1.0-m2.jar.
17:31:07> DEBUG (Log4JLogger.java:63): Loading extension points from plug-in file jar:file:/C:/Users/admcs/.m2/repository/org/datanucleus/datanucleus-api-jdo/5.1.0-m2/datanucleus-api-jdo-5.1.0-m2.jar!/plugin.xml.
17:31:07> DEBUG (Log4JLogger.java:63): Loading extensions from plug-in file jar:file:/C:/Users/admcs/.m2/repository/org/datanucleus/datanucleus-api-jdo/5.1.0-m2/datanucleus-api-jdo-5.1.0-m2.jar!/plugin.xml.
17:31:07> DEBUG (Log4JLogger.java:63): Registering bundle org.datanucleus.store.rdbms version 5.1.0.m2 at URL file:/C:/Users/admcs/.m2/repository/org/datanucleus/datanucleus-rdbms/5.1.0-m2/datanucleus-rdbms-5.1.0-m2.jar.
17:31:07> DEBUG (Log4JLogger.java:63): Loading extension points from plug-in file jar:file:/C:/Users/admcs/.m2/repository/org/datanucleus/datanucleus-rdbms/5.1.0-m2/datanucleus-rdbms-5.1.0-m2.jar!/plugin.xml.
17:31:07> DEBUG (Log4JLogger.java:63): Loading extensions from plug-in file jar:file:/C:/Users/admcs/.m2/repository/org/datanucleus/datanucleus-rdbms/5.1.0-m2/datanucleus-rdbms-5.1.0-m2.jar!/plugin.xml.
17:31:07> DEBUG (Log4JLogger.java:63): Tipos de Java inicializando ...
17:31:07> DEBUG (Log4JLogger.java:63): Soporte para tipos de Java listo : tipos soportados = [B, [C, [D, [F, [I, [J, [Ljava.lang.Boolean;, [Ljava.lang.Byte;, [Ljava.lang.Character;, [Ljava.lang.Double;, [Ljava.lang.Enum;, [Ljava.lang.Float;, [Ljava.lang.Integer;, [Ljava.lang.Long;, [Ljava.lang.Number;, [Ljava.lang.Object;, [Ljava.lang.Short;, [Ljava.lang.String;, [Ljava.math.BigDecimal;, [Ljava.math.BigInteger;, [Ljava.util.Date;, [Ljava.util.Locale;, [S, [Z, boolean, byte, char, double, float, int, java.awt.Color, java.awt.image.BufferedImage, java.lang.Boolean, java.lang.Byte, java.lang.Character, java.lang.Class, java.lang.Double, java.lang.Enum, java.lang.Float, java.lang.Integer, java.lang.Long, java.lang.Number, java.lang.Short, java.lang.String, java.lang.StringBuffer, java.lang.StringBuilder, java.math.BigDecimal, java.math.BigInteger, java.net.URI, java.net.URL, java.sql.Date, java.sql.Time, java.sql.Timestamp, java.time.Duration, java.time.Instant, java.time.LocalDate, java.time.LocalDateTime, java.time.LocalTime, java.time.MonthDay, java.time.OffsetDateTime, java.time.OffsetTime, java.time.Period, java.time.Year, java.time.YearMonth, java.time.ZonedDateTime, java.time.ZoneId, java.time.ZoneOffset, java.util.ArrayList, java.util.Arrays$ArrayList, java.util.BitSet, java.util.Calendar, java.util.Collection, java.util.Currency, java.util.Date, java.util.GregorianCalendar, java.util.HashMap, java.util.HashSet, java.util.Hashtable, java.util.LinkedHashMap, java.util.LinkedHashSet, java.util.LinkedList, java.util.List, java.util.Locale, java.util.Map, java.util.Optional, java.util.PriorityQueue, java.util.Properties, java.util.Queue, java.util.Set, java.util.SortedMap, java.util.SortedSet, java.util.Stack, java.util.TimeZone, java.util.TreeMap, java.util.TreeSet, java.util.UUID, java.util.Vector, long, short
17:31:07> DEBUG (Log4JLogger.java:63): Inicializando TypeConverters ...
17:31:07> DEBUG (Log4JLogger.java:63): TypeConverters listo
17:31:07> DEBUG (Log4JLogger.java:63): TypeConverter(s) available for byte[] to : java.nio.ByteBuffer
17:31:07> DEBUG (Log4JLogger.java:63): TypeConverter(s) available for char[] to : java.nio.ByteBuffer
17:31:07> DEBUG (Log4JLogger.java:63): TypeConverter(s) available for double[] to : java.nio.ByteBuffer
17:31:07> DEBUG (Log4JLogger.java:63): TypeConverter(s) available for float[] to : java.nio.ByteBuffer
17:31:07> DEBUG (Log4JLogger.java:63): TypeConverter(s) available for int[] to : java.nio.ByteBuffer
17:31:07> DEBUG (Log4JLogger.java:63): TypeConverter(s) available for long[] to : java.nio.ByteBuffer
17:31:07> DEBUG (Log4JLogger.java:63): TypeConverter(s) available for short[] to : java.nio.ByteBuffer
17:31:07> DEBUG (Log4JLogger.java:63): TypeConverter(s) available for boolean[] to : java.nio.ByteBuffer
17:31:07> DEBUG (Log4JLogger.java:63): TypeConverter(s) available for java.awt.Color to : int[],java.lang.String
17:31:07> DEBUG (Log4JLogger.java:63): TypeConverter(s) available for java.awt.image.BufferedImage to : byte[],java.nio.ByteBuffer
17:31:07> DEBUG (Log4JLogger.java:63): TypeConverter(s) available for java.io.Serializable to : java.lang.String,byte[],java.nio.ByteBuffer
17:31:07> DEBUG (Log4JLogger.java:63): TypeConverter(s) available for java.lang.Boolean to : java.lang.Character,java.lang.Integer
17:31:07> DEBUG (Log4JLogger.java:63): TypeConverter(s) available for java.lang.Character to : java.lang.String
17:31:07> DEBUG (Log4JLogger.java:63): TypeConverter(s) available for java.lang.Class to : java.lang.String
17:31:07> DEBUG (Log4JLogger.java:63): TypeConverter(s) available for java.lang.Integer to : java.lang.String
17:31:07> DEBUG (Log4JLogger.java:63): TypeConverter(s) available for java.lang.Long to : java.lang.String
17:31:07> DEBUG (Log4JLogger.java:63): TypeConverter(s) available for java.lang.StringBuffer to : java.lang.String
17:31:07> DEBUG (Log4JLogger.java:63): TypeConverter(s) available for java.lang.StringBuilder to : java.lang.String
17:31:07> DEBUG (Log4JLogger.java:63): TypeConverter(s) available for java.math.BigDecimal to : java.lang.String,java.nio.ByteBuffer,java.lang.Double
17:31:07> DEBUG (Log4JLogger.java:63): TypeConverter(s) available for java.math.BigInteger to : java.lang.Long,java.lang.String,java.nio.ByteBuffer
17:31:07> DEBUG (Log4JLogger.java:63): TypeConverter(s) available for java.net.URI to : java.lang.String
17:31:07> DEBUG (Log4JLogger.java:63): TypeConverter(s) available for java.net.URL to : java.lang.String
17:31:07> DEBUG (Log4JLogger.java:63): TypeConverter(s) available for java.sql.Date to : java.lang.Long,java.lang.String,java.util.Date
17:31:07> DEBUG (Log4JLogger.java:63): TypeConverter(s) available for java.sql.Time to : java.lang.Long,java.lang.String,java.util.Date
17:31:07> DEBUG (Log4JLogger.java:63): TypeConverter(s) available for java.sql.Timestamp to : java.lang.Long,java.lang.String,java.util.Date
17:31:07> DEBUG (Log4JLogger.java:63): TypeConverter(s) available for java.time.Duration to : java.lang.Long,java.lang.String,java.lang.Double
17:31:07> DEBUG (Log4JLogger.java:63): TypeConverter(s) available for java.time.Instant to : java.sql.Timestamp,java.lang.Long,java.lang.String,java.util.Date
17:31:07> DEBUG (Log4JLogger.java:63): TypeConverter(s) available for java.time.LocalDate to : java.lang.String,java.sql.Date,java.util.Date
17:31:07> DEBUG (Log4JLogger.java:63): TypeConverter(s) available for java.time.LocalDateTime to : java.sql.Timestamp,java.lang.String,java.util.Date
17:31:07> DEBUG (Log4JLogger.java:63): TypeConverter(s) available for java.time.LocalTime to : java.lang.Long,java.lang.String,java.sql.Time,java.util.Date
17:31:07> DEBUG (Log4JLogger.java:63): TypeConverter(s) available for java.time.MonthDay to : int[],java.lang.String,java.sql.Date,java.util.Date
17:31:07> DEBUG (Log4JLogger.java:63): TypeConverter(s) available for java.time.OffsetDateTime to : java.sql.Timestamp,java.lang.String,java.util.Date
17:31:07> DEBUG (Log4JLogger.java:63): TypeConverter(s) available for java.time.OffsetTime to : java.lang.Long,java.lang.String,java.sql.Time
17:31:07> DEBUG (Log4JLogger.java:63): TypeConverter(s) available for java.time.Period to : java.lang.String
17:31:07> DEBUG (Log4JLogger.java:63): TypeConverter(s) available for java.time.Year to : java.lang.String,java.lang.Integer
17:31:07> DEBUG (Log4JLogger.java:63): TypeConverter(s) available for java.time.YearMonth to : int[],java.lang.String,java.sql.Date,java.util.Date
17:31:07> DEBUG (Log4JLogger.java:63): TypeConverter(s) available for java.time.ZonedDateTime to : java.sql.Timestamp,java.lang.String
17:31:07> DEBUG (Log4JLogger.java:63): TypeConverter(s) available for java.time.ZoneId to : java.lang.String
17:31:07> DEBUG (Log4JLogger.java:63): TypeConverter(s) available for java.time.ZoneOffset to : java.lang.String
17:31:07> DEBUG (Log4JLogger.java:63): TypeConverter(s) available for java.util.BitSet to : java.lang.String
17:31:07> DEBUG (Log4JLogger.java:63): TypeConverter(s) available for java.util.Calendar to : [Ljava.lang.Object;,java.sql.Timestamp,java.lang.String,java.util.Date
17:31:07> DEBUG (Log4JLogger.java:63): TypeConverter(s) available for java.util.Currency to : java.lang.String
17:31:07> DEBUG (Log4JLogger.java:63): TypeConverter(s) available for java.util.Date to : java.lang.Long,java.lang.String
17:31:07> DEBUG (Log4JLogger.java:63): TypeConverter(s) available for java.util.Locale to : java.lang.String
17:31:07> DEBUG (Log4JLogger.java:63): TypeConverter(s) available for java.util.TimeZone to : java.lang.String
17:31:07> DEBUG (Log4JLogger.java:63): TypeConverter(s) available for java.util.UUID to : java.lang.String
17:31:07> DEBUG (Log4JLogger.java:63): MetaDataManager : Input=(XML,Annotations), XML-Validation=false, XML-Suffices=(persistence=*.jdo, orm=orm, query=*.jdoquery), JDO-listener=false
17:31:07> INFO  (Log4JLogger.java:82): DataNucleus Enhancer (versión 5.1.0.m2) para el API "JDO" utilisando el JRE "{2}"
17:31:07> DEBUG (Log4JLogger.java:63): DataNucleus Enhancer : Classpath
17:31:07> DEBUG (Log4JLogger.java:63): >>  C:\Users\admcs\.m2\repository\org\datanucleus\datanucleus-maven-plugin\5.0.2\datanucleus-maven-plugin-5.0.2.jar
17:31:07> DEBUG (Log4JLogger.java:63): >>  C:\Users\admcs\.m2\repository\org\codehaus\plexus\plexus-utils\3.0.8\plexus-utils-3.0.8.jar
17:31:07> DEBUG (Log4JLogger.java:63): >>  C:\Users\admcs\.m2\repository\org\apache\maven\maven-artifact\3.0.4\maven-artifact-3.0.4.jar
17:31:07> DEBUG (Log4JLogger.java:63): >>  C:\Users\admcs\.m2\repository\org\apache\maven\maven-plugin-api\3.0.4\maven-plugin-api-3.0.4.jar
17:31:07> DEBUG (Log4JLogger.java:63): >>  C:\Users\admcs\.m2\repository\org\apache\maven\maven-model\3.0.4\maven-model-3.0.4.jar
17:31:07> DEBUG (Log4JLogger.java:63): >>  C:\Users\admcs\.m2\repository\org\sonatype\sisu\sisu-inject-plexus\2.3.0\sisu-inject-plexus-2.3.0.jar
17:31:07> DEBUG (Log4JLogger.java:63): >>  C:\Users\admcs\.m2\repository\org\codehaus\plexus\plexus-component-annotations\1.5.5\plexus-component-annotations-1.5.5.jar
17:31:07> DEBUG (Log4JLogger.java:63): >>  C:\Users\admcs\.m2\repository\org\sonatype\sisu\sisu-inject-bean\2.3.0\sisu-inject-bean-2.3.0.jar
17:31:07> DEBUG (Log4JLogger.java:63): >>  C:\Users\admcs\.m2\repository\org\sonatype\sisu\sisu-guice\3.1.0\sisu-guice-3.1.0-no_aop.jar
17:31:07> DEBUG (Log4JLogger.java:63): >>  C:\Users\admcs\.m2\repository\org\sonatype\sisu\sisu-guava\0.9.9\sisu-guava-0.9.9.jar
17:31:07> DEBUG (Log4JLogger.java:63): >>  C:\Users\admcs\.m2\repository\org\codehaus\plexus\plexus-container-default\1.5.5\plexus-container-default-1.5.5.jar
17:31:07> DEBUG (Log4JLogger.java:63): >>  C:\Users\admcs\.m2\repository\org\codehaus\plexus\plexus-classworlds\2.2.2\plexus-classworlds-2.2.2.jar
17:31:07> DEBUG (Log4JLogger.java:63): >>  C:\Users\admcs\.m2\repository\org\apache\xbean\xbean-reflect\3.4\xbean-reflect-3.4.jar
17:31:07> DEBUG (Log4JLogger.java:63): >>  C:\Users\admcs\.m2\repository\log4j\log4j\1.2.12\log4j-1.2.12.jar
17:31:07> DEBUG (Log4JLogger.java:63): >>  C:\Users\admcs\.m2\repository\commons-logging\commons-logging-api\1.1\commons-logging-api-1.1.jar
17:31:07> DEBUG (Log4JLogger.java:63): >>  C:\Users\admcs\.m2\repository\com\google\collections\google-collections\1.0\google-collections-1.0.jar
17:31:07> DEBUG (Log4JLogger.java:63): >>  C:\Users\admcs\.m2\repository\junit\junit\3.8.2\junit-3.8.2.jar
17:31:07> DEBUG (Log4JLogger.java:63): >>  C:\Users\admcs\termiRepository\TermiBooking\TermiBookingProject\target\classes
17:31:07> DEBUG (Log4JLogger.java:63): >>  C:\Users\admcs\.m2\repository\org\datanucleus\datanucleus-core\5.1.0-m2\datanucleus-core-5.1.0-m2.jar
17:31:07> DEBUG (Log4JLogger.java:63): >>  C:\Users\admcs\.m2\repository\org\datanucleus\datanucleus-api-jdo\5.1.0-m2\datanucleus-api-jdo-5.1.0-m2.jar
17:31:07> DEBUG (Log4JLogger.java:63): >>  C:\Users\admcs\.m2\repository\org\datanucleus\datanucleus-rdbms\5.1.0-m2\datanucleus-rdbms-5.1.0-m2.jar
17:31:07> DEBUG (Log4JLogger.java:63): >>  C:\Users\admcs\.m2\repository\log4j\log4j\1.2.17\log4j-1.2.17.jar
17:31:07> DEBUG (Log4JLogger.java:63): >>  C:\Users\admcs\.m2\repository\org\datanucleus\javax.jdo\3.2.0-m6\javax.jdo-3.2.0-m6.jar
17:31:07> DEBUG (Log4JLogger.java:63): >>  C:\Users\admcs\.m2\repository\javax\transaction\transaction-api\1.1\transaction-api-1.1.jar
17:31:07> DEBUG (Log4JLogger.java:63): >>  C:\Users\admcs\.m2\repository\mysql\mysql-connector-java\5.1.41\mysql-connector-java-5.1.41.jar
17:31:07> DEBUG (Log4JLogger.java:63): >>  C:\Users\admcs\.m2\repository\org\mockito\mockito-core\2.7.21\mockito-core-2.7.21.jar
17:31:07> DEBUG (Log4JLogger.java:63): >>  C:\Users\admcs\.m2\repository\org\ow2\asm\asm\5.2\asm-5.2.jar
17:31:07> DEBUG (Log4JLogger.java:63): >>  C:\Users\admcs\.m2\repository\org\slf4j\slf4j-log4j12\1.6.4\slf4j-log4j12-1.6.4.jar
17:31:07> DEBUG (Log4JLogger.java:63): >>  C:\Users\admcs\.m2\repository\org\slf4j\slf4j-simple\1.6.4\slf4j-simple-1.6.4.jar
17:31:07> DEBUG (Log4JLogger.java:63): >>  C:\Users\admcs\.m2\repository\org\slf4j\slf4j-api\1.6.4\slf4j-api-1.6.4.jar
17:31:07> DEBUG (Log4JLogger.java:63): Reading fileListFile: C:\Users\admcs\AppData\Local\Temp\enhancer-3482446762855574140.flf
17:31:07> DEBUG (Log4JLogger.java:63): Enhancing classes
17:31:07> DEBUG (Log4JLogger.java:63): MetaData Management : Carga de Metadata de las clases "[termibooking.client.controller.BusController, termibooking.client.controller.TermiBookingController, termibooking.client.main.Main, termibooking.client.remote.RMIServiceLocator, termibooking.server.dao.DataDAO, termibooking.server.dao.IDataDAO, termibooking.server.data.Bus, termibooking.server.data.Company, termibooking.server.data.Passenger, termibooking.server.data.Pay, termibooking.server.data.Reservation, termibooking.server.data.Station, termibooking.server.data.User, termibooking.server.dto.BusAssembler, termibooking.server.dto.BusDTO, termibooking.server.main.TermiBookingManagerServer, termibooking.server.main.TermiBookingServer, termibooking.server.remote.BusFacade, termibooking.server.remote.IBus, termibooking.server.remote.ITermiBooking, termibooking.server.remote.TermiBookingFacade]" ...
17:31:07> DEBUG (Log4JLogger.java:63): No encontramos el MetaData del tipo "jdo" por la clase "termibooking.client.controller.BusController" en /META-INF/package.jdo
17:31:07> DEBUG (Log4JLogger.java:63): No encontramos el MetaData del tipo "jdo" por la clase "termibooking.client.controller.BusController" en /WEB-INF/package.jdo
17:31:07> DEBUG (Log4JLogger.java:63): No encontramos el MetaData del tipo "jdo" por la clase "termibooking.client.controller.BusController" en /package.jdo
17:31:07> DEBUG (Log4JLogger.java:63): No encontramos el MetaData del tipo "jdo" por la clase "termibooking.client.controller.BusController" en /termibooking/package.jdo
17:31:07> DEBUG (Log4JLogger.java:63): No encontramos el MetaData del tipo "jdo" por la clase "termibooking.client.controller.BusController" en /termibooking.jdo
17:31:07> DEBUG (Log4JLogger.java:63): No encontramos el MetaData del tipo "jdo" por la clase "termibooking.client.controller.BusController" en /termibooking/client/package.jdo
17:31:07> DEBUG (Log4JLogger.java:63): No encontramos el MetaData del tipo "jdo" por la clase "termibooking.client.controller.BusController" en /termibooking/client.jdo
17:31:07> DEBUG (Log4JLogger.java:63): No encontramos el MetaData del tipo "jdo" por la clase "termibooking.client.controller.BusController" en /termibooking/client/controller/package.jdo
17:31:07> DEBUG (Log4JLogger.java:63): No encontramos el MetaData del tipo "jdo" por la clase "termibooking.client.controller.BusController" en /termibooking/client/controller.jdo
17:31:07> DEBUG (Log4JLogger.java:63): No encontramos el MetaData del tipo "jdo" por la clase "termibooking.client.controller.BusController" en /termibooking/client/controller/BusController.jdo
17:31:07> DEBUG (Log4JLogger.java:63): No hemos encontrado el MetaData del tipo "jdo" por la clase "termibooking.client.controller.BusController"
17:31:07> DEBUG (Log4JLogger.java:63): Registrando la clase "termibooking.client.controller.BusController" no tener Meta-Data
17:31:07> DEBUG (Log4JLogger.java:63): La clase "termibooking.client.controller.BusController" no tiene MetaData o annotaciones.
17:31:07> DEBUG (Log4JLogger.java:63): No encontramos el MetaData del tipo "jdo" por la clase "termibooking.client.controller.TermiBookingController" en /META-INF/package.jdo
17:31:07> DEBUG (Log4JLogger.java:63): No encontramos el MetaData del tipo "jdo" por la clase "termibooking.client.controller.TermiBookingController" en /WEB-INF/package.jdo
17:31:07> DEBUG (Log4JLogger.java:63): No encontramos el MetaData del tipo "jdo" por la clase "termibooking.client.controller.TermiBookingController" en /package.jdo
17:31:07> DEBUG (Log4JLogger.java:63): No encontramos el MetaData del tipo "jdo" por la clase "termibooking.client.controller.TermiBookingController" en /termibooking/package.jdo
17:31:07> DEBUG (Log4JLogger.java:63): No encontramos el MetaData del tipo "jdo" por la clase "termibooking.client.controller.TermiBookingController" en /termibooking.jdo
17:31:07> DEBUG (Log4JLogger.java:63): No encontramos el MetaData del tipo "jdo" por la clase "termibooking.client.controller.TermiBookingController" en /termibooking/client/package.jdo
17:31:07> DEBUG (Log4JLogger.java:63): No encontramos el MetaData del tipo "jdo" por la clase "termibooking.client.controller.TermiBookingController" en /termibooking/client.jdo
17:31:07> DEBUG (Log4JLogger.java:63): No encontramos el MetaData del tipo "jdo" por la clase "termibooking.client.controller.TermiBookingController" en /termibooking/client/controller/package.jdo
17:31:07> DEBUG (Log4JLogger.java:63): No encontramos el MetaData del tipo "jdo" por la clase "termibooking.client.controller.TermiBookingController" en /termibooking/client/controller.jdo
17:31:07> DEBUG (Log4JLogger.java:63): No encontramos el MetaData del tipo "jdo" por la clase "termibooking.client.controller.TermiBookingController" en /termibooking/client/controller/TermiBookingController.jdo
17:31:07> DEBUG (Log4JLogger.java:63): No hemos encontrado el MetaData del tipo "jdo" por la clase "termibooking.client.controller.TermiBookingController"
17:31:07> DEBUG (Log4JLogger.java:63): Registrando la clase "termibooking.client.controller.TermiBookingController" no tener Meta-Data
17:31:07> DEBUG (Log4JLogger.java:63): La clase "termibooking.client.controller.TermiBookingController" no tiene MetaData o annotaciones.
17:31:07> DEBUG (Log4JLogger.java:63): No encontramos el MetaData del tipo "jdo" por la clase "termibooking.client.main.Main" en /META-INF/package.jdo
17:31:07> DEBUG (Log4JLogger.java:63): No encontramos el MetaData del tipo "jdo" por la clase "termibooking.client.main.Main" en /WEB-INF/package.jdo
17:31:07> DEBUG (Log4JLogger.java:63): No encontramos el MetaData del tipo "jdo" por la clase "termibooking.client.main.Main" en /package.jdo
17:31:07> DEBUG (Log4JLogger.java:63): No encontramos el MetaData del tipo "jdo" por la clase "termibooking.client.main.Main" en /termibooking/package.jdo
17:31:07> DEBUG (Log4JLogger.java:63): No encontramos el MetaData del tipo "jdo" por la clase "termibooking.client.main.Main" en /termibooking.jdo
17:31:07> DEBUG (Log4JLogger.java:63): No encontramos el MetaData del tipo "jdo" por la clase "termibooking.client.main.Main" en /termibooking/client/package.jdo
17:31:07> DEBUG (Log4JLogger.java:63): No encontramos el MetaData del tipo "jdo" por la clase "termibooking.client.main.Main" en /termibooking/client.jdo
17:31:07> DEBUG (Log4JLogger.java:63): No encontramos el MetaData del tipo "jdo" por la clase "termibooking.client.main.Main" en /termibooking/client/main/package.jdo
17:31:07> DEBUG (Log4JLogger.java:63): No encontramos el MetaData del tipo "jdo" por la clase "termibooking.client.main.Main" en /termibooking/client/main.jdo
17:31:07> DEBUG (Log4JLogger.java:63): No encontramos el MetaData del tipo "jdo" por la clase "termibooking.client.main.Main" en /termibooking/client/main/Main.jdo
17:31:07> DEBUG (Log4JLogger.java:63): No hemos encontrado el MetaData del tipo "jdo" por la clase "termibooking.client.main.Main"
17:31:07> DEBUG (Log4JLogger.java:63): Registrando la clase "termibooking.client.main.Main" no tener Meta-Data
17:31:07> DEBUG (Log4JLogger.java:63): La clase "termibooking.client.main.Main" no tiene MetaData o annotaciones.
17:31:07> DEBUG (Log4JLogger.java:63): No encontramos el MetaData del tipo "jdo" por la clase "termibooking.client.remote.RMIServiceLocator" en /META-INF/package.jdo
17:31:07> DEBUG (Log4JLogger.java:63): No encontramos el MetaData del tipo "jdo" por la clase "termibooking.client.remote.RMIServiceLocator" en /WEB-INF/package.jdo
17:31:07> DEBUG (Log4JLogger.java:63): No encontramos el MetaData del tipo "jdo" por la clase "termibooking.client.remote.RMIServiceLocator" en /package.jdo
17:31:07> DEBUG (Log4JLogger.java:63): No encontramos el MetaData del tipo "jdo" por la clase "termibooking.client.remote.RMIServiceLocator" en /termibooking/package.jdo
17:31:07> DEBUG (Log4JLogger.java:63): No encontramos el MetaData del tipo "jdo" por la clase "termibooking.client.remote.RMIServiceLocator" en /termibooking.jdo
17:31:07> DEBUG (Log4JLogger.java:63): No encontramos el MetaData del tipo "jdo" por la clase "termibooking.client.remote.RMIServiceLocator" en /termibooking/client/package.jdo
17:31:07> DEBUG (Log4JLogger.java:63): No encontramos el MetaData del tipo "jdo" por la clase "termibooking.client.remote.RMIServiceLocator" en /termibooking/client.jdo
17:31:07> DEBUG (Log4JLogger.java:63): No encontramos el MetaData del tipo "jdo" por la clase "termibooking.client.remote.RMIServiceLocator" en /termibooking/client/remote/package.jdo
17:31:07> DEBUG (Log4JLogger.java:63): No encontramos el MetaData del tipo "jdo" por la clase "termibooking.client.remote.RMIServiceLocator" en /termibooking/client/remote.jdo
17:31:07> DEBUG (Log4JLogger.java:63): No encontramos el MetaData del tipo "jdo" por la clase "termibooking.client.remote.RMIServiceLocator" en /termibooking/client/remote/RMIServiceLocator.jdo
17:31:07> DEBUG (Log4JLogger.java:63): No hemos encontrado el MetaData del tipo "jdo" por la clase "termibooking.client.remote.RMIServiceLocator"
17:31:07> DEBUG (Log4JLogger.java:63): Registrando la clase "termibooking.client.remote.RMIServiceLocator" no tener Meta-Data
17:31:07> DEBUG (Log4JLogger.java:63): La clase "termibooking.client.remote.RMIServiceLocator" no tiene MetaData o annotaciones.
17:31:07> DEBUG (Log4JLogger.java:63): No encontramos el MetaData del tipo "jdo" por la clase "termibooking.server.dao.DataDAO" en /META-INF/package.jdo
17:31:07> DEBUG (Log4JLogger.java:63): No encontramos el MetaData del tipo "jdo" por la clase "termibooking.server.dao.DataDAO" en /WEB-INF/package.jdo
17:31:07> DEBUG (Log4JLogger.java:63): No encontramos el MetaData del tipo "jdo" por la clase "termibooking.server.dao.DataDAO" en /package.jdo
17:31:07> DEBUG (Log4JLogger.java:63): No encontramos el MetaData del tipo "jdo" por la clase "termibooking.server.dao.DataDAO" en /termibooking/package.jdo
17:31:07> DEBUG (Log4JLogger.java:63): No encontramos el MetaData del tipo "jdo" por la clase "termibooking.server.dao.DataDAO" en /termibooking.jdo
17:31:07> DEBUG (Log4JLogger.java:63): No encontramos el MetaData del tipo "jdo" por la clase "termibooking.server.dao.DataDAO" en /termibooking/server/package.jdo
17:31:07> DEBUG (Log4JLogger.java:63): No encontramos el MetaData del tipo "jdo" por la clase "termibooking.server.dao.DataDAO" en /termibooking/server.jdo
17:31:07> DEBUG (Log4JLogger.java:63): No encontramos el MetaData del tipo "jdo" por la clase "termibooking.server.dao.DataDAO" en /termibooking/server/dao/package.jdo
17:31:07> DEBUG (Log4JLogger.java:63): No encontramos el MetaData del tipo "jdo" por la clase "termibooking.server.dao.DataDAO" en /termibooking/server/dao.jdo
17:31:07> DEBUG (Log4JLogger.java:63): No encontramos el MetaData del tipo "jdo" por la clase "termibooking.server.dao.DataDAO" en /termibooking/server/dao/DataDAO.jdo
17:31:07> DEBUG (Log4JLogger.java:63): No hemos encontrado el MetaData del tipo "jdo" por la clase "termibooking.server.dao.DataDAO"
17:31:07> DEBUG (Log4JLogger.java:63): Registrando la clase "termibooking.server.dao.DataDAO" no tener Meta-Data
17:31:07> DEBUG (Log4JLogger.java:63): La clase "termibooking.server.dao.DataDAO" no tiene MetaData o annotaciones.
17:31:07> DEBUG (Log4JLogger.java:63): No encontramos el MetaData del tipo "jdo" por la clase "termibooking.server.dao.IDataDAO" en /META-INF/package.jdo
17:31:07> DEBUG (Log4JLogger.java:63): No encontramos el MetaData del tipo "jdo" por la clase "termibooking.server.dao.IDataDAO" en /WEB-INF/package.jdo
17:31:07> DEBUG (Log4JLogger.java:63): No encontramos el MetaData del tipo "jdo" por la clase "termibooking.server.dao.IDataDAO" en /package.jdo
17:31:07> DEBUG (Log4JLogger.java:63): No encontramos el MetaData del tipo "jdo" por la clase "termibooking.server.dao.IDataDAO" en /termibooking/package.jdo
17:31:07> DEBUG (Log4JLogger.java:63): No encontramos el MetaData del tipo "jdo" por la clase "termibooking.server.dao.IDataDAO" en /termibooking.jdo
17:31:07> DEBUG (Log4JLogger.java:63): No encontramos el MetaData del tipo "jdo" por la clase "termibooking.server.dao.IDataDAO" en /termibooking/server/package.jdo
17:31:07> DEBUG (Log4JLogger.java:63): No encontramos el MetaData del tipo "jdo" por la clase "termibooking.server.dao.IDataDAO" en /termibooking/server.jdo
17:31:07> DEBUG (Log4JLogger.java:63): No encontramos el MetaData del tipo "jdo" por la clase "termibooking.server.dao.IDataDAO" en /termibooking/server/dao/package.jdo
17:31:07> DEBUG (Log4JLogger.java:63): No encontramos el MetaData del tipo "jdo" por la clase "termibooking.server.dao.IDataDAO" en /termibooking/server/dao.jdo
17:31:07> DEBUG (Log4JLogger.java:63): No encontramos el MetaData del tipo "jdo" por la clase "termibooking.server.dao.IDataDAO" en /termibooking/server/dao/IDataDAO.jdo
17:31:07> DEBUG (Log4JLogger.java:63): No hemos encontrado el MetaData del tipo "jdo" por la clase "termibooking.server.dao.IDataDAO"
17:31:07> DEBUG (Log4JLogger.java:63): Registrando la clase "termibooking.server.dao.IDataDAO" no tener Meta-Data
17:31:07> DEBUG (Log4JLogger.java:63): La clase "termibooking.server.dao.IDataDAO" no tiene MetaData o annotaciones.
17:31:07> DEBUG (Log4JLogger.java:63): Clase "termibooking.server.data.Bus" tiene anotaciones de JDO y vamos a usarlas.
17:31:07> DEBUG (Log4JLogger.java:63): Clase "termibooking.server.data.Company" tiene anotaciones de JDO y vamos a usarlas.
17:31:07> DEBUG (Log4JLogger.java:63): Clase "termibooking.server.data.Passenger" tiene anotaciones de JDO y vamos a usarlas.
17:31:07> DEBUG (Log4JLogger.java:63): Clase "termibooking.server.data.Pay" tiene anotaciones de JDO y vamos a usarlas.
17:31:07> DEBUG (Log4JLogger.java:63): Clase "termibooking.server.data.Reservation" tiene anotaciones de JDO y vamos a usarlas.
17:31:07> DEBUG (Log4JLogger.java:63): Clase "termibooking.server.data.Station" tiene anotaciones de JDO y vamos a usarlas.
17:31:07> DEBUG (Log4JLogger.java:63): Clase "termibooking.server.data.User" tiene anotaciones de JDO y vamos a usarlas.
17:31:07> DEBUG (Log4JLogger.java:63): No encontramos el MetaData del tipo "jdo" por la clase "termibooking.server.dto.BusAssembler" en /META-INF/package.jdo
17:31:07> DEBUG (Log4JLogger.java:63): No encontramos el MetaData del tipo "jdo" por la clase "termibooking.server.dto.BusAssembler" en /WEB-INF/package.jdo
17:31:07> DEBUG (Log4JLogger.java:63): No encontramos el MetaData del tipo "jdo" por la clase "termibooking.server.dto.BusAssembler" en /package.jdo
17:31:07> DEBUG (Log4JLogger.java:63): No encontramos el MetaData del tipo "jdo" por la clase "termibooking.server.dto.BusAssembler" en /termibooking/package.jdo
17:31:07> DEBUG (Log4JLogger.java:63): No encontramos el MetaData del tipo "jdo" por la clase "termibooking.server.dto.BusAssembler" en /termibooking.jdo
17:31:07> DEBUG (Log4JLogger.java:63): No encontramos el MetaData del tipo "jdo" por la clase "termibooking.server.dto.BusAssembler" en /termibooking/server/package.jdo
17:31:07> DEBUG (Log4JLogger.java:63): No encontramos el MetaData del tipo "jdo" por la clase "termibooking.server.dto.BusAssembler" en /termibooking/server.jdo
17:31:07> DEBUG (Log4JLogger.java:63): No encontramos el MetaData del tipo "jdo" por la clase "termibooking.server.dto.BusAssembler" en /termibooking/server/dto/package.jdo
17:31:07> DEBUG (Log4JLogger.java:63): No encontramos el MetaData del tipo "jdo" por la clase "termibooking.server.dto.BusAssembler" en /termibooking/server/dto.jdo
17:31:07> DEBUG (Log4JLogger.java:63): No encontramos el MetaData del tipo "jdo" por la clase "termibooking.server.dto.BusAssembler" en /termibooking/server/dto/BusAssembler.jdo
17:31:07> DEBUG (Log4JLogger.java:63): No hemos encontrado el MetaData del tipo "jdo" por la clase "termibooking.server.dto.BusAssembler"
17:31:07> DEBUG (Log4JLogger.java:63): Registrando la clase "termibooking.server.dto.BusAssembler" no tener Meta-Data
17:31:07> DEBUG (Log4JLogger.java:63): La clase "termibooking.server.dto.BusAssembler" no tiene MetaData o annotaciones.
17:31:07> DEBUG (Log4JLogger.java:63): No encontramos el MetaData del tipo "jdo" por la clase "termibooking.server.dto.BusDTO" en /META-INF/package.jdo
17:31:07> DEBUG (Log4JLogger.java:63): No encontramos el MetaData del tipo "jdo" por la clase "termibooking.server.dto.BusDTO" en /WEB-INF/package.jdo
17:31:07> DEBUG (Log4JLogger.java:63): No encontramos el MetaData del tipo "jdo" por la clase "termibooking.server.dto.BusDTO" en /package.jdo
17:31:07> DEBUG (Log4JLogger.java:63): No encontramos el MetaData del tipo "jdo" por la clase "termibooking.server.dto.BusDTO" en /termibooking/package.jdo
17:31:07> DEBUG (Log4JLogger.java:63): No encontramos el MetaData del tipo "jdo" por la clase "termibooking.server.dto.BusDTO" en /termibooking.jdo
17:31:07> DEBUG (Log4JLogger.java:63): No encontramos el MetaData del tipo "jdo" por la clase "termibooking.server.dto.BusDTO" en /termibooking/server/package.jdo
17:31:07> DEBUG (Log4JLogger.java:63): No encontramos el MetaData del tipo "jdo" por la clase "termibooking.server.dto.BusDTO" en /termibooking/server.jdo
17:31:07> DEBUG (Log4JLogger.java:63): No encontramos el MetaData del tipo "jdo" por la clase "termibooking.server.dto.BusDTO" en /termibooking/server/dto/package.jdo
17:31:07> DEBUG (Log4JLogger.java:63): No encontramos el MetaData del tipo "jdo" por la clase "termibooking.server.dto.BusDTO" en /termibooking/server/dto.jdo
17:31:07> DEBUG (Log4JLogger.java:63): No encontramos el MetaData del tipo "jdo" por la clase "termibooking.server.dto.BusDTO" en /termibooking/server/dto/BusDTO.jdo
17:31:07> DEBUG (Log4JLogger.java:63): No hemos encontrado el MetaData del tipo "jdo" por la clase "termibooking.server.dto.BusDTO"
17:31:07> DEBUG (Log4JLogger.java:63): Registrando la clase "termibooking.server.dto.BusDTO" no tener Meta-Data
17:31:07> DEBUG (Log4JLogger.java:63): La clase "termibooking.server.dto.BusDTO" no tiene MetaData o annotaciones.
17:31:07> DEBUG (Log4JLogger.java:63): No encontramos el MetaData del tipo "jdo" por la clase "termibooking.server.main.TermiBookingManagerServer" en /META-INF/package.jdo
17:31:07> DEBUG (Log4JLogger.java:63): No encontramos el MetaData del tipo "jdo" por la clase "termibooking.server.main.TermiBookingManagerServer" en /WEB-INF/package.jdo
17:31:07> DEBUG (Log4JLogger.java:63): No encontramos el MetaData del tipo "jdo" por la clase "termibooking.server.main.TermiBookingManagerServer" en /package.jdo
17:31:07> DEBUG (Log4JLogger.java:63): No encontramos el MetaData del tipo "jdo" por la clase "termibooking.server.main.TermiBookingManagerServer" en /termibooking/package.jdo
17:31:07> DEBUG (Log4JLogger.java:63): No encontramos el MetaData del tipo "jdo" por la clase "termibooking.server.main.TermiBookingManagerServer" en /termibooking.jdo
17:31:07> DEBUG (Log4JLogger.java:63): No encontramos el MetaData del tipo "jdo" por la clase "termibooking.server.main.TermiBookingManagerServer" en /termibooking/server/package.jdo
17:31:07> DEBUG (Log4JLogger.java:63): No encontramos el MetaData del tipo "jdo" por la clase "termibooking.server.main.TermiBookingManagerServer" en /termibooking/server.jdo
17:31:07> DEBUG (Log4JLogger.java:63): No encontramos el MetaData del tipo "jdo" por la clase "termibooking.server.main.TermiBookingManagerServer" en /termibooking/server/main/package.jdo
17:31:07> DEBUG (Log4JLogger.java:63): No encontramos el MetaData del tipo "jdo" por la clase "termibooking.server.main.TermiBookingManagerServer" en /termibooking/server/main.jdo
17:31:07> DEBUG (Log4JLogger.java:63): No encontramos el MetaData del tipo "jdo" por la clase "termibooking.server.main.TermiBookingManagerServer" en /termibooking/server/main/TermiBookingManagerServer.jdo
17:31:07> DEBUG (Log4JLogger.java:63): No hemos encontrado el MetaData del tipo "jdo" por la clase "termibooking.server.main.TermiBookingManagerServer"
17:31:07> DEBUG (Log4JLogger.java:63): Registrando la clase "termibooking.server.main.TermiBookingManagerServer" no tener Meta-Data
17:31:07> DEBUG (Log4JLogger.java:63): La clase "termibooking.server.main.TermiBookingManagerServer" no tiene MetaData o annotaciones.
17:31:07> DEBUG (Log4JLogger.java:63): No encontramos el MetaData del tipo "jdo" por la clase "termibooking.server.main.TermiBookingServer" en /META-INF/package.jdo
17:31:07> DEBUG (Log4JLogger.java:63): No encontramos el MetaData del tipo "jdo" por la clase "termibooking.server.main.TermiBookingServer" en /WEB-INF/package.jdo
17:31:07> DEBUG (Log4JLogger.java:63): No encontramos el MetaData del tipo "jdo" por la clase "termibooking.server.main.TermiBookingServer" en /package.jdo
17:31:07> DEBUG (Log4JLogger.java:63): No encontramos el MetaData del tipo "jdo" por la clase "termibooking.server.main.TermiBookingServer" en /termibooking/package.jdo
17:31:07> DEBUG (Log4JLogger.java:63): No encontramos el MetaData del tipo "jdo" por la clase "termibooking.server.main.TermiBookingServer" en /termibooking.jdo
17:31:07> DEBUG (Log4JLogger.java:63): No encontramos el MetaData del tipo "jdo" por la clase "termibooking.server.main.TermiBookingServer" en /termibooking/server/package.jdo
17:31:07> DEBUG (Log4JLogger.java:63): No encontramos el MetaData del tipo "jdo" por la clase "termibooking.server.main.TermiBookingServer" en /termibooking/server.jdo
17:31:07> DEBUG (Log4JLogger.java:63): No encontramos el MetaData del tipo "jdo" por la clase "termibooking.server.main.TermiBookingServer" en /termibooking/server/main/package.jdo
17:31:07> DEBUG (Log4JLogger.java:63): No encontramos el MetaData del tipo "jdo" por la clase "termibooking.server.main.TermiBookingServer" en /termibooking/server/main.jdo
17:31:07> DEBUG (Log4JLogger.java:63): No encontramos el MetaData del tipo "jdo" por la clase "termibooking.server.main.TermiBookingServer" en /termibooking/server/main/TermiBookingServer.jdo
17:31:07> DEBUG (Log4JLogger.java:63): No hemos encontrado el MetaData del tipo "jdo" por la clase "termibooking.server.main.TermiBookingServer"
17:31:07> DEBUG (Log4JLogger.java:63): Registrando la clase "termibooking.server.main.TermiBookingServer" no tener Meta-Data
17:31:07> DEBUG (Log4JLogger.java:63): La clase "termibooking.server.main.TermiBookingServer" no tiene MetaData o annotaciones.
17:31:07> DEBUG (Log4JLogger.java:63): No encontramos el MetaData del tipo "jdo" por la clase "termibooking.server.remote.BusFacade" en /META-INF/package.jdo
17:31:07> DEBUG (Log4JLogger.java:63): No encontramos el MetaData del tipo "jdo" por la clase "termibooking.server.remote.BusFacade" en /WEB-INF/package.jdo
17:31:07> DEBUG (Log4JLogger.java:63): No encontramos el MetaData del tipo "jdo" por la clase "termibooking.server.remote.BusFacade" en /package.jdo
17:31:07> DEBUG (Log4JLogger.java:63): No encontramos el MetaData del tipo "jdo" por la clase "termibooking.server.remote.BusFacade" en /termibooking/package.jdo
17:31:07> DEBUG (Log4JLogger.java:63): No encontramos el MetaData del tipo "jdo" por la clase "termibooking.server.remote.BusFacade" en /termibooking.jdo
17:31:07> DEBUG (Log4JLogger.java:63): No encontramos el MetaData del tipo "jdo" por la clase "termibooking.server.remote.BusFacade" en /termibooking/server/package.jdo
17:31:07> DEBUG (Log4JLogger.java:63): No encontramos el MetaData del tipo "jdo" por la clase "termibooking.server.remote.BusFacade" en /termibooking/server.jdo
17:31:07> DEBUG (Log4JLogger.java:63): No encontramos el MetaData del tipo "jdo" por la clase "termibooking.server.remote.BusFacade" en /termibooking/server/remote/package.jdo
17:31:07> DEBUG (Log4JLogger.java:63): No encontramos el MetaData del tipo "jdo" por la clase "termibooking.server.remote.BusFacade" en /termibooking/server/remote.jdo
17:31:07> DEBUG (Log4JLogger.java:63): No encontramos el MetaData del tipo "jdo" por la clase "termibooking.server.remote.BusFacade" en /termibooking/server/remote/BusFacade.jdo
17:31:07> DEBUG (Log4JLogger.java:63): No hemos encontrado el MetaData del tipo "jdo" por la clase "termibooking.server.remote.BusFacade"
17:31:07> DEBUG (Log4JLogger.java:63): Registrando la clase "termibooking.server.remote.BusFacade" no tener Meta-Data
17:31:07> DEBUG (Log4JLogger.java:63): La clase "termibooking.server.remote.BusFacade" no tiene MetaData o annotaciones.
17:31:07> DEBUG (Log4JLogger.java:63): No encontramos el MetaData del tipo "jdo" por la clase "termibooking.server.remote.IBus" en /META-INF/package.jdo
17:31:07> DEBUG (Log4JLogger.java:63): No encontramos el MetaData del tipo "jdo" por la clase "termibooking.server.remote.IBus" en /WEB-INF/package.jdo
17:31:07> DEBUG (Log4JLogger.java:63): No encontramos el MetaData del tipo "jdo" por la clase "termibooking.server.remote.IBus" en /package.jdo
17:31:07> DEBUG (Log4JLogger.java:63): No encontramos el MetaData del tipo "jdo" por la clase "termibooking.server.remote.IBus" en /termibooking/package.jdo
17:31:07> DEBUG (Log4JLogger.java:63): No encontramos el MetaData del tipo "jdo" por la clase "termibooking.server.remote.IBus" en /termibooking.jdo
17:31:07> DEBUG (Log4JLogger.java:63): No encontramos el MetaData del tipo "jdo" por la clase "termibooking.server.remote.IBus" en /termibooking/server/package.jdo
17:31:07> DEBUG (Log4JLogger.java:63): No encontramos el MetaData del tipo "jdo" por la clase "termibooking.server.remote.IBus" en /termibooking/server.jdo
17:31:07> DEBUG (Log4JLogger.java:63): No encontramos el MetaData del tipo "jdo" por la clase "termibooking.server.remote.IBus" en /termibooking/server/remote/package.jdo
17:31:07> DEBUG (Log4JLogger.java:63): No encontramos el MetaData del tipo "jdo" por la clase "termibooking.server.remote.IBus" en /termibooking/server/remote.jdo
17:31:07> DEBUG (Log4JLogger.java:63): No encontramos el MetaData del tipo "jdo" por la clase "termibooking.server.remote.IBus" en /termibooking/server/remote/IBus.jdo
17:31:07> DEBUG (Log4JLogger.java:63): No hemos encontrado el MetaData del tipo "jdo" por la clase "termibooking.server.remote.IBus"
17:31:07> DEBUG (Log4JLogger.java:63): Registrando la clase "termibooking.server.remote.IBus" no tener Meta-Data
17:31:07> DEBUG (Log4JLogger.java:63): La clase "termibooking.server.remote.IBus" no tiene MetaData o annotaciones.
17:31:07> DEBUG (Log4JLogger.java:63): No encontramos el MetaData del tipo "jdo" por la clase "termibooking.server.remote.ITermiBooking" en /META-INF/package.jdo
17:31:07> DEBUG (Log4JLogger.java:63): No encontramos el MetaData del tipo "jdo" por la clase "termibooking.server.remote.ITermiBooking" en /WEB-INF/package.jdo
17:31:07> DEBUG (Log4JLogger.java:63): No encontramos el MetaData del tipo "jdo" por la clase "termibooking.server.remote.ITermiBooking" en /package.jdo
17:31:07> DEBUG (Log4JLogger.java:63): No encontramos el MetaData del tipo "jdo" por la clase "termibooking.server.remote.ITermiBooking" en /termibooking/package.jdo
17:31:07> DEBUG (Log4JLogger.java:63): No encontramos el MetaData del tipo "jdo" por la clase "termibooking.server.remote.ITermiBooking" en /termibooking.jdo
17:31:07> DEBUG (Log4JLogger.java:63): No encontramos el MetaData del tipo "jdo" por la clase "termibooking.server.remote.ITermiBooking" en /termibooking/server/package.jdo
17:31:07> DEBUG (Log4JLogger.java:63): No encontramos el MetaData del tipo "jdo" por la clase "termibooking.server.remote.ITermiBooking" en /termibooking/server.jdo
17:31:07> DEBUG (Log4JLogger.java:63): No encontramos el MetaData del tipo "jdo" por la clase "termibooking.server.remote.ITermiBooking" en /termibooking/server/remote/package.jdo
17:31:07> DEBUG (Log4JLogger.java:63): No encontramos el MetaData del tipo "jdo" por la clase "termibooking.server.remote.ITermiBooking" en /termibooking/server/remote.jdo
17:31:07> DEBUG (Log4JLogger.java:63): No encontramos el MetaData del tipo "jdo" por la clase "termibooking.server.remote.ITermiBooking" en /termibooking/server/remote/ITermiBooking.jdo
17:31:07> DEBUG (Log4JLogger.java:63): No hemos encontrado el MetaData del tipo "jdo" por la clase "termibooking.server.remote.ITermiBooking"
17:31:07> DEBUG (Log4JLogger.java:63): Registrando la clase "termibooking.server.remote.ITermiBooking" no tener Meta-Data
17:31:07> DEBUG (Log4JLogger.java:63): La clase "termibooking.server.remote.ITermiBooking" no tiene MetaData o annotaciones.
17:31:07> DEBUG (Log4JLogger.java:63): No encontramos el MetaData del tipo "jdo" por la clase "termibooking.server.remote.TermiBookingFacade" en /META-INF/package.jdo
17:31:07> DEBUG (Log4JLogger.java:63): No encontramos el MetaData del tipo "jdo" por la clase "termibooking.server.remote.TermiBookingFacade" en /WEB-INF/package.jdo
17:31:07> DEBUG (Log4JLogger.java:63): No encontramos el MetaData del tipo "jdo" por la clase "termibooking.server.remote.TermiBookingFacade" en /package.jdo
17:31:07> DEBUG (Log4JLogger.java:63): No encontramos el MetaData del tipo "jdo" por la clase "termibooking.server.remote.TermiBookingFacade" en /termibooking/package.jdo
17:31:07> DEBUG (Log4JLogger.java:63): No encontramos el MetaData del tipo "jdo" por la clase "termibooking.server.remote.TermiBookingFacade" en /termibooking.jdo
17:31:07> DEBUG (Log4JLogger.java:63): No encontramos el MetaData del tipo "jdo" por la clase "termibooking.server.remote.TermiBookingFacade" en /termibooking/server/package.jdo
17:31:07> DEBUG (Log4JLogger.java:63): No encontramos el MetaData del tipo "jdo" por la clase "termibooking.server.remote.TermiBookingFacade" en /termibooking/server.jdo
17:31:07> DEBUG (Log4JLogger.java:63): No encontramos el MetaData del tipo "jdo" por la clase "termibooking.server.remote.TermiBookingFacade" en /termibooking/server/remote/package.jdo
17:31:07> DEBUG (Log4JLogger.java:63): No encontramos el MetaData del tipo "jdo" por la clase "termibooking.server.remote.TermiBookingFacade" en /termibooking/server/remote.jdo
17:31:07> DEBUG (Log4JLogger.java:63): No encontramos el MetaData del tipo "jdo" por la clase "termibooking.server.remote.TermiBookingFacade" en /termibooking/server/remote/TermiBookingFacade.jdo
17:31:07> DEBUG (Log4JLogger.java:63): No hemos encontrado el MetaData del tipo "jdo" por la clase "termibooking.server.remote.TermiBookingFacade"
17:31:07> DEBUG (Log4JLogger.java:63): Registrando la clase "termibooking.server.remote.TermiBookingFacade" no tener Meta-Data
17:31:07> DEBUG (Log4JLogger.java:63): La clase "termibooking.server.remote.TermiBookingFacade" no tiene MetaData o annotaciones.
17:31:07> DEBUG (Log4JLogger.java:63): Populación del MetaData ...
17:31:07> DEBUG (Log4JLogger.java:63): Clase "termibooking.server.data.Bus" : Populando Meta-Data
17:31:07> DEBUG (Log4JLogger.java:63): Clase "termibooking.server.data.Bus" campo "code" : añadiendo el Meta-Data por el campo como no estaba en la definición de Meta-Data.
17:31:07> DEBUG (Log4JLogger.java:63): Clase "termibooking.server.data.Bus" campo "number" : añadiendo el Meta-Data por el campo como no estaba en la definición de Meta-Data.
17:31:07> DEBUG (Log4JLogger.java:63): Clase "termibooking.server.data.Bus" campo "total_seats" : añadiendo el Meta-Data por el campo como no estaba en la definición de Meta-Data.
17:31:07> DEBUG (Log4JLogger.java:63): Clase "termibooking.server.data.Bus" campo "remaining_seats" : añadiendo el Meta-Data por el campo como no estaba en la definición de Meta-Data.
17:31:07> DEBUG (Log4JLogger.java:63): Clase "termibooking.server.data.Bus" campo "price" : añadiendo el Meta-Data por el campo como no estaba en la definición de Meta-Data.
17:31:07> DEBUG (Log4JLogger.java:63): Clase "termibooking.server.data.Company" : Populando Meta-Data
17:31:07> DEBUG (Log4JLogger.java:63): Clase "termibooking.server.data.Company" campo "name" : añadiendo el Meta-Data por el campo como no estaba en la definición de Meta-Data.
17:31:07> DEBUG (Log4JLogger.java:63): Clase "termibooking.server.data.Company" campo "code" : añadiendo el Meta-Data por el campo como no estaba en la definición de Meta-Data.
17:31:07> DEBUG (Log4JLogger.java:63): Clase "termibooking.server.data.Company" campo "commission" : añadiendo el Meta-Data por el campo como no estaba en la definición de Meta-Data.
17:31:07> DEBUG (Log4JLogger.java:63): Clase "termibooking.server.data.Passenger" : Populando Meta-Data
17:31:07> DEBUG (Log4JLogger.java:63): Clase "termibooking.server.data.Passenger" campo "name" : añadiendo el Meta-Data por el campo como no estaba en la definición de Meta-Data.
17:31:07> DEBUG (Log4JLogger.java:63): Clase "termibooking.server.data.Passenger" campo "surname" : añadiendo el Meta-Data por el campo como no estaba en la definición de Meta-Data.
17:31:07> DEBUG (Log4JLogger.java:63): Clase "termibooking.server.data.Passenger" campo "age" : añadiendo el Meta-Data por el campo como no estaba en la definición de Meta-Data.
17:31:07> DEBUG (Log4JLogger.java:63): Clase "termibooking.server.data.Pay" : Populando Meta-Data
17:31:07> DEBUG (Log4JLogger.java:63): Clase "termibooking.server.data.Pay" campo "amount" : añadiendo el Meta-Data por el campo como no estaba en la definición de Meta-Data.
17:31:07> DEBUG (Log4JLogger.java:63): Clase "termibooking.server.data.Pay" campo "CardCode" : añadiendo el Meta-Data por el campo como no estaba en la definición de Meta-Data.
17:31:07> DEBUG (Log4JLogger.java:63): Clase "termibooking.server.data.Pay" campo "PayPal" : añadiendo el Meta-Data por el campo como no estaba en la definición de Meta-Data.
17:31:07> DEBUG (Log4JLogger.java:63): Clase "termibooking.server.data.Reservation" : Populando Meta-Data
17:31:08> DEBUG (Log4JLogger.java:63): Clase "termibooking.server.data.Reservation" campo "seats" : añadiendo el Meta-Data por el campo como no estaba en la definición de Meta-Data.
17:31:08> DEBUG (Log4JLogger.java:63): Clase "termibooking.server.data.Station" : Populando Meta-Data
17:31:08> DEBUG (Log4JLogger.java:63): Clase "termibooking.server.data.Station" campo "name" : añadiendo el Meta-Data por el campo como no estaba en la definición de Meta-Data.
17:31:08> DEBUG (Log4JLogger.java:63): Clase "termibooking.server.data.Station" campo "code" : añadiendo el Meta-Data por el campo como no estaba en la definición de Meta-Data.
17:31:08> DEBUG (Log4JLogger.java:63): Clase "termibooking.server.data.Station" campo "location" : añadiendo el Meta-Data por el campo como no estaba en la definición de Meta-Data.
17:31:08> DEBUG (Log4JLogger.java:63): Clase "termibooking.server.data.User" : Populando Meta-Data
17:31:08> DEBUG (Log4JLogger.java:63): Clase "termibooking.server.data.User" campo "email" : añadiendo el Meta-Data por el campo como no estaba en la definición de Meta-Data.
17:31:08> DEBUG (Log4JLogger.java:63): Clase "termibooking.server.data.User" campo "password" : añadiendo el Meta-Data por el campo como no estaba en la definición de Meta-Data.
17:31:08> DEBUG (Log4JLogger.java:63): Inicialisación del MetaData ...
17:31:08> DEBUG (Log4JLogger.java:63): Clase "termibooking.server.data.Bus" : Inicializando Meta-Data
17:31:08> DEBUG (Log4JLogger.java:63): Clase "termibooking.server.data.Company" : Inicializando Meta-Data
17:31:08> DEBUG (Log4JLogger.java:63): Clase "termibooking.server.data.Passenger" : Inicializando Meta-Data
17:31:08> DEBUG (Log4JLogger.java:63): Clase "termibooking.server.data.Pay" : Inicializando Meta-Data
17:31:08> DEBUG (Log4JLogger.java:63): Clase "termibooking.server.data.Reservation" : Inicializando Meta-Data
17:31:08> DEBUG (Log4JLogger.java:63): Clase "termibooking.server.data.Station" : Inicializando Meta-Data
17:31:08> DEBUG (Log4JLogger.java:63): Clase "termibooking.server.data.User" : Inicializando Meta-Data
17:31:08> DEBUG (Log4JLogger.java:63): MetaData Management : Carga de Metadata ya ha terminado
17:31:08> DEBUG (Log4JLogger.java:63): Enhance de la clase "termibooking.server.data.Bus" empezando ...
17:31:08> INFO  (Log4JLogger.java:82): La clase "termibooking.server.data.Bus" esta enhanced.
17:31:08> INFO  (Log4JLogger.java:82): ENHANCED (Persistable) : termibooking.server.data.Bus
17:31:08> DEBUG (Log4JLogger.java:63): Enhance de la clase "termibooking.server.data.Bus" ha terminado
17:31:08> DEBUG (Log4JLogger.java:63): Enhance de la clase "termibooking.server.data.Company" empezando ...
17:31:08> INFO  (Log4JLogger.java:82): La clase "termibooking.server.data.Company" esta enhanced.
17:31:08> INFO  (Log4JLogger.java:82): ENHANCED (Persistable) : termibooking.server.data.Company
17:31:08> DEBUG (Log4JLogger.java:63): Enhance de la clase "termibooking.server.data.Company" ha terminado
17:31:08> DEBUG (Log4JLogger.java:63): Enhance de la clase "termibooking.server.data.Passenger" empezando ...
17:31:08> INFO  (Log4JLogger.java:82): La clase "termibooking.server.data.Passenger" esta enhanced.
17:31:08> INFO  (Log4JLogger.java:82): ENHANCED (Persistable) : termibooking.server.data.Passenger
17:31:08> DEBUG (Log4JLogger.java:63): Enhance de la clase "termibooking.server.data.Passenger" ha terminado
17:31:08> DEBUG (Log4JLogger.java:63): Enhance de la clase "termibooking.server.data.Pay" empezando ...
17:31:08> INFO  (Log4JLogger.java:82): La clase "termibooking.server.data.Pay" esta enhanced.
17:31:08> INFO  (Log4JLogger.java:82): ENHANCED (Persistable) : termibooking.server.data.Pay
17:31:08> DEBUG (Log4JLogger.java:63): Enhance de la clase "termibooking.server.data.Pay" ha terminado
17:31:08> DEBUG (Log4JLogger.java:63): Enhance de la clase "termibooking.server.data.Reservation" empezando ...
17:31:08> INFO  (Log4JLogger.java:82): La clase "termibooking.server.data.Reservation" esta enhanced.
17:31:08> INFO  (Log4JLogger.java:82): ENHANCED (Persistable) : termibooking.server.data.Reservation
17:31:08> DEBUG (Log4JLogger.java:63): Enhance de la clase "termibooking.server.data.Reservation" ha terminado
17:31:08> DEBUG (Log4JLogger.java:63): Enhance de la clase "termibooking.server.data.Station" empezando ...
17:31:08> INFO  (Log4JLogger.java:82): La clase "termibooking.server.data.Station" esta enhanced.
17:31:08> INFO  (Log4JLogger.java:82): ENHANCED (Persistable) : termibooking.server.data.Station
17:31:08> DEBUG (Log4JLogger.java:63): Enhance de la clase "termibooking.server.data.Station" ha terminado
17:31:08> DEBUG (Log4JLogger.java:63): Enhance de la clase "termibooking.server.data.User" empezando ...
17:31:08> INFO  (Log4JLogger.java:82): La clase "termibooking.server.data.User" esta enhanced.
17:31:08> INFO  (Log4JLogger.java:82): ENHANCED (Persistable) : termibooking.server.data.User
17:31:08> DEBUG (Log4JLogger.java:63): Enhance de la clase "termibooking.server.data.User" ha terminado
17:31:08> INFO  (Log4JLogger.java:82): DataNucleus Enhancer ha terminado con exito para 7 clases. Tiempos : input=216 ms, enhance=51 ms, total=267 ms. Compruebe el LOG para los detalles
